[debug] [2023-08-04T01:56:24.080Z] ----------------------------------------------------------------------
[debug] [2023-08-04T01:56:24.084Z] Command:       C:\Program Files\nodejs\node.exe C:\Users\admin\AppData\Roaming\npm\node_modules\firebase-tools\lib\bin\firebase.js init
[debug] [2023-08-04T01:56:24.085Z] CLI Version:   12.4.7
[debug] [2023-08-04T01:56:24.086Z] Platform:      win32
[debug] [2023-08-04T01:56:24.087Z] Node Version:  v18.16.0
[debug] [2023-08-04T01:56:24.088Z] Time:          Fri Aug 04 2023 08:56:24 GMT+0700 (Giờ Đông Dương)
[debug] [2023-08-04T01:56:24.089Z] ----------------------------------------------------------------------
[debug] 
[debug] [2023-08-04T01:56:24.307Z] > command requires scopes: ["email","openid","https://www.googleapis.com/auth/cloudplatformprojects.readonly","https://www.googleapis.com/auth/firebase","https://www.googleapis.com/auth/cloud-platform"]
[debug] [2023-08-04T01:56:24.308Z] > authorizing via signed-in user (nganleo198@gmail.com)
[info] 
     ######## #### ########  ######## ########     ###     ######  ########
     ##        ##  ##     ## ##       ##     ##  ##   ##  ##       ##
     ######    ##  ########  ######   ########  #########  ######  ######
     ##        ##  ##    ##  ##       ##     ## ##     ##       ## ##
     ##       #### ##     ## ######## ########  ##     ##  ######  ########

You're about to initialize a Firebase project in this directory:

  C:\Users\admin\Desktop\react\sneaker-store-management\react

Before we get started, keep in mind:

  * You are initializing within an existing Firebase project directory

[info] 
=== Project Setup
[info] 
[info] First, let's associate this project directory with a Firebase project.
[info] You can create multiple project aliases by running firebase use --add, 
[info] but for now we'll just set up a default project.
[info] 
[debug] [2023-08-04T01:56:30.867Z] Using project from CLI flag: sneaker-store-3c978
[debug] [2023-08-04T01:56:30.872Z] >>> [apiv2][query] GET https://firebase.googleapis.com/v1beta1/projects/sneaker-store-3c978 [none]
[debug] [2023-08-04T01:56:31.325Z] <<< [apiv2][status] GET https://firebase.googleapis.com/v1beta1/projects/sneaker-store-3c978 200
[debug] [2023-08-04T01:56:31.325Z] <<< [apiv2][body] GET https://firebase.googleapis.com/v1beta1/projects/sneaker-store-3c978 {"projectId":"sneaker-store-3c978","projectNumber":"483400723514","displayName":"Sneaker Store","name":"projects/sneaker-store-3c978","resources":{"hostingSite":"sneaker-store-3c978"},"state":"ACTIVE","etag":"1_cbccf00f-9689-4ed5-816a-7b0b3e134dad"}
[info] i  Using project sneaker-store-3c978 (Sneaker Store) 
[info] 
=== Hosting:github Setup
[info] 
[info] i  Detected a .git folder at C:\Users\admin\Desktop\react\sneaker-store-management\react 
[info] i  Authorizing with GitHub to upload your service account to a GitHub repository's secrets store. 
[info] 
[info] Visit this URL on this device to log in:
[info] https://github.com/login/oauth/authorize?client_id=89cf50f02ac6aaed3484&state=235568448&redirect_uri=http%3A%2F%2Flocalhost%3A9005&scope=read%3Auser%20repo%20public_repo
[info] 
[info] Waiting for authentication...
[debug] [2023-08-04T01:56:47.182Z] >>> [apiv2][query] POST https://github.com/login/oauth/access_token [none]
[debug] [2023-08-04T01:56:47.183Z] >>> [apiv2][body] POST https://github.com/login/oauth/access_token [stream]
[debug] [2023-08-04T01:56:47.649Z] <<< [apiv2][status] POST https://github.com/login/oauth/access_token 200
[debug] [2023-08-04T01:56:47.650Z] <<< [apiv2][body] POST https://github.com/login/oauth/access_token {"access_token":"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","token_type":"bearer","scope":"read:user,repo"}
[debug] [2023-08-04T01:56:47.676Z] >>> [apiv2][query] GET https://api.github.com/user [none]
[debug] [2023-08-04T01:56:48.115Z] <<< [apiv2][status] GET https://api.github.com/user 200
[debug] [2023-08-04T01:56:48.116Z] <<< [apiv2][body] GET https://api.github.com/user {"login":"ntthanhngan","id":111653107,"node_id":"U_kgDOBqew8w","avatar_url":"https://avatars.githubusercontent.com/u/111653107?v=4","gravatar_id":"","url":"https://api.github.com/users/ntthanhngan","html_url":"https://github.com/ntthanhngan","followers_url":"https://api.github.com/users/ntthanhngan/followers","following_url":"https://api.github.com/users/ntthanhngan/following{/other_user}","gists_url":"https://api.github.com/users/ntthanhngan/gists{/gist_id}","starred_url":"https://api.github.com/users/ntthanhngan/starred{/owner}{/repo}","subscriptions_url":"https://api.github.com/users/ntthanhngan/subscriptions","organizations_url":"https://api.github.com/users/ntthanhngan/orgs","repos_url":"https://api.github.com/users/ntthanhngan/repos","events_url":"https://api.github.com/users/ntthanhngan/events{/privacy}","received_events_url":"https://api.github.com/users/ntthanhngan/received_events","type":"User","site_admin":false,"name":"Thanh Ngân","company":null,"blog":"","location":null,"email":null,"hireable":null,"bio":null,"twitter_username":null,"public_repos":4,"public_gists":0,"followers":0,"following":1,"created_at":"2022-08-20T16:39:15Z","updated_at":"2023-07-30T05:25:04Z","private_gists":0,"total_private_repos":4,"owned_private_repos":4,"disk_usage":22779,"collaborators":0,"two_factor_authentication":false,"plan":{"name":"free","space":976562499,"collaborators":0,"private_repos":10000}}
[info] 
[info] +  Success! Logged into GitHub as ntthanhngan 
[info] 
[debug] [2023-08-04T01:57:19.890Z] >>> [apiv2][query] GET https://api.github.com/repos/user/repository/actions/secrets/public-key type=owner
[debug] [2023-08-04T01:57:20.270Z] <<< [apiv2][status] GET https://api.github.com/repos/user/repository/actions/secrets/public-key 404
[debug] [2023-08-04T01:57:20.271Z] <<< [apiv2][body] GET https://api.github.com/repos/user/repository/actions/secrets/public-key {"message":"Not Found","documentation_url":"https://docs.github.com/rest/actions/secrets#get-a-repository-public-key"}
[info] 
[info] 
[error] !  The provided authorization cannot be used with this repository. If this repository is in an organization, did you remember to grant access? 
[info] 
[info] i  Action required: Visit this URL to ensure access has been granted to the appropriate organization(s) for the Firebase CLI GitHub OAuth App: 
[info] https://github.com/settings/connections/applications/89cf50f02ac6aaed3484
[info] 
[debug] [2023-08-04T01:58:19.416Z] >>> [apiv2][query] GET https://api.github.com/repos/user/repository/sneaker-store-reactjs-nodejs/actions/secrets/public-key type=owner
[debug] [2023-08-04T01:58:19.806Z] <<< [apiv2][status] GET https://api.github.com/repos/user/repository/sneaker-store-reactjs-nodejs/actions/secrets/public-key 404
[debug] [2023-08-04T01:58:19.807Z] <<< [apiv2][body] GET https://api.github.com/repos/user/repository/sneaker-store-reactjs-nodejs/actions/secrets/public-key {"message":"Not Found","documentation_url":"https://docs.github.com/rest"}
[info] 
[info] 
[error] !  The provided authorization cannot be used with this repository. If this repository is in an organization, did you remember to grant access? 
[info] 
[info] i  Action required: Visit this URL to ensure access has been granted to the appropriate organization(s) for the Firebase CLI GitHub OAuth App: 
[info] https://github.com/settings/connections/applications/89cf50f02ac6aaed3484
[info] 
[debug] [2023-08-04T01:58:35.800Z] >>> [apiv2][query] GET https://api.github.com/repos/user/repository/sneaker-store-reactjs-nodejs/actions/secrets/public-key type=owner
[debug] [2023-08-04T01:58:36.237Z] <<< [apiv2][status] GET https://api.github.com/repos/user/repository/sneaker-store-reactjs-nodejs/actions/secrets/public-key 404
[debug] [2023-08-04T01:58:36.237Z] <<< [apiv2][body] GET https://api.github.com/repos/user/repository/sneaker-store-reactjs-nodejs/actions/secrets/public-key {"message":"Not Found","documentation_url":"https://docs.github.com/rest"}
[info] 
[info] 
[error] !  The provided authorization cannot be used with this repository. If this repository is in an organization, did you remember to grant access? 
[info] 
[info] i  Action required: Visit this URL to ensure access has been granted to the appropriate organization(s) for the Firebase CLI GitHub OAuth App: 
[info] https://github.com/settings/connections/applications/89cf50f02ac6aaed3484
[info] 
